c:\space racer\professional-skills-games-project\game_project\debug\ai.obj
c:\space racer\professional-skills-games-project\game_project\debug\game_project.obj
c:\space racer\professional-skills-games-project\game_project\debug\global.obj
c:\space racer\professional-skills-games-project\game_project\debug\player.obj
c:\space racer\professional-skills-games-project\game_project\debug\sound.obj
c:\space racer\professional-skills-games-project\game_project\debug\vechmenu.obj
c:\space racer\professional-skills-games-project\game_project\debug\vc110.pdb
c:\space racer\professional-skills-games-project\game_project\debug\baseplayer.obj
c:\space racer\professional-skills-games-project\game_project\debug\entitymanagers.obj
c:\space racer\professional-skills-games-project\game_project\debug\object.obj
c:\space racer\professional-skills-games-project\game_project\debug\track.obj
c:\space racer\professional-skills-games-project\game_project\debug\skyscraper.obj
c:\space racer\professional-skills-games-project\game_project\debug\blockbuilding.obj
c:\space racer\professional-skills-games-project\game_project\game_projectdebug.ilk
c:\space racer\professional-skills-games-project\game_project\game_projectdebug.exe
c:\space racer\professional-skills-games-project\game_project\game_project.pdb
c:\space racer\professional-skills-games-project\game_project\debug\cl.command.1.tlog
c:\space racer\professional-skills-games-project\game_project\debug\cl.read.1.tlog
c:\space racer\professional-skills-games-project\game_project\debug\cl.write.1.tlog
c:\space racer\professional-skills-games-project\game_project\debug\link.3464.read.1.tlog
c:\space racer\professional-skills-games-project\game_project\debug\link.3464.read.2.tlog
c:\space racer\professional-skills-games-project\game_project\debug\link.3464.write.1.tlog
c:\space racer\professional-skills-games-project\game_project\debug\link.3852.read.1.tlog
c:\space racer\professional-skills-games-project\game_project\debug\link.3852.read.2.tlog
c:\space racer\professional-skills-games-project\game_project\debug\link.3852.write.1.tlog
c:\space racer\professional-skills-games-project\game_project\debug\link.3916.read.1.tlog
c:\space racer\professional-skills-games-project\game_project\debug\link.3916.read.2.tlog
c:\space racer\professional-skills-games-project\game_project\debug\link.3916.write.1.tlog
c:\space racer\professional-skills-games-project\game_project\debug\link.4876.read.1.tlog
c:\space racer\professional-skills-games-project\game_project\debug\link.4876.read.2.tlog
c:\space racer\professional-skills-games-project\game_project\debug\link.4876.write.1.tlog
c:\space racer\professional-skills-games-project\game_project\debug\link.6364.read.1.tlog
c:\space racer\professional-skills-games-project\game_project\debug\link.6364.read.2.tlog
c:\space racer\professional-skills-games-project\game_project\debug\link.6364.write.1.tlog
c:\space racer\professional-skills-games-project\game_project\debug\link.6672.read.1.tlog
c:\space racer\professional-skills-games-project\game_project\debug\link.6672.read.2.tlog
c:\space racer\professional-skills-games-project\game_project\debug\link.6672.write.1.tlog
c:\space racer\professional-skills-games-project\game_project\debug\link.7184.read.1.tlog
c:\space racer\professional-skills-games-project\game_project\debug\link.7184.read.2.tlog
c:\space racer\professional-skills-games-project\game_project\debug\link.7184.write.1.tlog
c:\space racer\professional-skills-games-project\game_project\debug\link.7208.read.1.tlog
c:\space racer\professional-skills-games-project\game_project\debug\link.7208.read.2.tlog
c:\space racer\professional-skills-games-project\game_project\debug\link.7208.write.1.tlog
c:\space racer\professional-skills-games-project\game_project\debug\link.8132.read.1.tlog
c:\space racer\professional-skills-games-project\game_project\debug\link.8132.read.2.tlog
c:\space racer\professional-skills-games-project\game_project\debug\link.8132.write.1.tlog
c:\space racer\professional-skills-games-project\game_project\debug\link.command.1.tlog
c:\space racer\professional-skills-games-project\game_project\debug\link.read.1.tlog
c:\space racer\professional-skills-games-project\game_project\debug\link.read.2.tlog
c:\space racer\professional-skills-games-project\game_project\debug\link.write.1.tlog
c:\space racer\professional-skills-games-project\game_project\debug\vc110.idb
c:\space racer\professional-skills-games-project\game_project\debug\vc120.idb
c:\space racer\professional-skills-games-project\game_project\debug\vc120.pdb
c:\space racer\professional-skills-games-project\game_project\\game_projectdebug.exe
c:\space racer\professional-skills-games-project\game_project\\game_projectdebug.ilk
